#-----------------------------------------------------------
# Vivado v2020.2 (64-bit)
# SW Build 3064766 on Wed Nov 18 09:12:47 MST 2020
# IP Build 3064653 on Wed Nov 18 14:17:31 MST 2020
# Start of session at: Mon Mar 13 10:44:30 2023
# Process ID: 1186666
# Current directory: /home/yunkunliao/zhuzhu/xilinx-risc-v/vivado/generic
# Command line: vivado
# Log file: /home/yunkunliao/zhuzhu/xilinx-risc-v/vivado/generic/vivado.log
# Journal file: /home/yunkunliao/zhuzhu/xilinx-risc-v/vivado/generic/vivado.jou
#-----------------------------------------------------------
start_gui
open_project /home/yunkunliao/picorv32/xilinx-risc-v/vivado/generic/RISC-V.xpr
WARNING: [filemgmt 56-3] Default IP Output Path : Could not find the directory '/home/yunkunliao/picorv32/xilinx-risc-v/vivado/generic/RISC-V.gen/sources_1'.
Scanning sources...
Finished scanning sources
INFO: [IP_Flow 19-234] Refreshing IP repositories
INFO: [IP_Flow 19-1704] No user IP repositories specified
INFO: [IP_Flow 19-2313] Loaded Vivado IP repository '/tools/Xilinx/Vivado/2020.2/data/ip'.
INFO: [IP_Flow 19-3899] Cannot get the environment domain name variable for the component vendor name. Setting the vendor name to 'user.org'.
update_compile_order -fileset sources_1
INFO: [IP_Flow 19-3899] Cannot get the environment domain name variable for the component vendor name. Setting the vendor name to 'user.org'.
exit
INFO: [Common 17-206] Exiting Vivado at Mon Mar 13 10:50:17 2023...
